<?xml version="1.0" encoding="UTF-8"?>
<!-- Generated by org.testng.reporters.JUnitReportReporter -->
<testsuite skipped="0" hostname="DESKTOP-BB2GFQJ" name="TestNGClass" tests="3" failures="0" timestamp="30 Nov 2018 09:57:21 GMT" time="7.905" errors="0">
  <testcase name="test2" time="2.329" classname="TestNGClass"/>
  <testcase name="test5" time="2.610" classname="TestNGClass"/>
  <testcase name="test1" time="2.966" classname="TestNGClass"/>
</testsuite> <!-- TestNGClass -->
